107:E:\Lua\rocks\systree/share/lua/5.1/busted\done.lua
0 0 0 0 0 0 0 0 0 0 0 0 0 0 0 0 0 0 0 0 0 0 0 0 0 0 0 0 0 0 0 0 0 0 0 0 0 0 0 0 0 0 0 0 0 0 0 0 0 0 0 0 0 0 0 0 236 0 0 0 0 0 0 0 0 0 0 0 0 0 0 0 0 0 0 0 0 0 0 0 0 0 0 0 0 0 236 0 236 0 236 0 0 0 0 236 236 236 236 236 0 472 0 236 472 236 236 
105:E:\Lua\rocks\systree/share/lua/5.1/luassert\assertions.lua
0 0 0 0 0 0 0 0 0 0 0 0 0 0 0 0 0 0 0 0 0 0 0 0 0 0 0 0 0 0 0 112 112 224 112 0 0 0 0 0 0 112 0 0 0 108 108 108 216 108 106 0 0 0 0 0 0 2 0 0 0 0 0 0 0 108 0 0 0 0 0 0 0 0 0 0 0 0 0 0 0 0 0 0 0 0 0 0 0 0 0 0 0 0 0 0 66 66 66 0 0 0 58 58 58 
272:E:\Lua\rocks\systree/share/lua/5.1/pl\path.lua
0 0 0 0 0 0 0 0 0 0 0 0 0 0 0 0 0 0 0 0 0 0 0 0 0 0 0 0 0 0 0 0 0 0 0 0 0 0 0 0 0 0 0 0 0 0 0 0 0 0 0 0 0 0 0 0 4 4 0 0 4 0 0 0 0 0 2 2 0 0 0 0 0 0 0 0 0 0 0 0 0 0 0 0 0 0 0 0 0 0 0 0 0 0 0 0 0 0 0 0 0 0 0 0 0 0 0 0 0 0 0 0 0 0 0 0 0 0 144 0 0 0 0 0 0 0 0 0 0 0 0 0 0 0 0 0 0 0 0 0 0 0 0 0 0 0 0 0 0 0 7 7 7 144 137 137 0 7 0 0 7 0 0 0 0 0 0 0 0 0 0 0 0 0 0 0 0 0 0 0 0 0 0 0 0 0 0 0 0 0 0 0 0 0 0 0 0 0 0 0 0 0 0 0 0 0 0 0 0 0 0 0 0 0 7 7 7 0 0 0 0 0 0 0 0 0 0 0 0 0 0 0 0 0 0 0 0 0 0 0 0 0 0 0 0 0 0 0 0 0 0 0 0 0 0 0 0 0 0 0 0 0 0 0 0 0 0 0 0 7 7 7 
46:E:\Lua\rocks\systree/share/lua/5.1/say/init.lua
0 0 0 0 0 0 0 0 0 0 0 0 0 0 0 0 0 0 0 0 0 0 0 0 0 0 0 0 0 0 0 232 0 232 0 232 0 0 232 232 0 892 660 0 0 232 
136:E:\Lua\rocks\systree/share/lua/5.1/pl\pretty.lua
0 0 0 0 0 0 0 0 0 0 0 0 0 0 0 0 0 0 0 0 0 0 0 0 0 0 0 0 0 0 0 0 0 0 0 0 0 0 0 0 0 0 0 0 0 0 0 0 0 0 0 0 0 0 0 0 0 0 0 0 0 0 0 0 0 0 0 0 0 0 0 0 0 0 0 0 0 0 0 0 0 0 0 0 0 0 0 0 0 0 0 0 0 0 0 0 0 0 0 0 0 0 0 0 0 0 0 232 0 0 232 0 0 0 0 0 0 0 0 0 0 0 0 0 0 0 0 0 0 0 0 0 0 232 232 232 
579:.\.\functional_facilities_spec.lua
0 0 4 0 0 4 2 4 0 4 4 0 4 4 2 4 0 4 12 4 0 4 12 4 0 4 8 4 0 4 8 4 0 4 8 4 4 0 4 4 12 2 2 4 4 12 2 2 4 4 12 2 2 4 4 12 2 2 4 4 0 4 4 2 4 0 4 8 4 0 4 8 4 0 4 10 4 0 4 8 4 0 4 10 4 0 4 8 4 4 0 4 4 8 4 4 4 4 4 6 2 4 4 0 4 4 2 4 0 4 4 4 0 4 6 4 0 4 14 4 0 4 6 4 0 4 6 4 4 0 4 4 2 4 0 4 4 4 0 4 4 4 0 4 6 4 0 4 14 4 0 4 4 4 0 4 6 4 4 0 4 4 2 2 4 4 2 2 2 2 2 2 2 2 2 2 4 4 0 4 4 2 4 4 2 4 4 0 4 4 2 4 4 2 4 4 2 4 4 2 4 4 4 2 4 4 2 4 4 2 4 4 0 4 4 2 4 4 12 4 4 12 4 4 12 4 4 12 4 4 12 4 4 0 4 4 2 8 2 2 2 4 4 0 4 4 2 2 2 4 4 2 2 2 4 4 0 4 4 2 4 4 2 4 4 0 4 4 2 4 4 2 4 4 0 4 4 2 4 4 2 4 4 0 4 4 2 4 4 2 4 4 0 4 4 2 4 4 2 4 4 0 4 4 2 4 4 8 4 4 8 4 4 8 4 4 8 4 4 0 4 4 46 46 2 0 24 22 0 4 0 4 6 26 2 2 4 4 0 4 4 46 24 22 0 4 4 12 4 4 0 4 4 6 2 2 4 4 6 2 2 4 4 0 4 4 2 2 0 2 2 2 2 2 4 4 0 4 4 2 4 4 2 2 2 2 2 2 2 4 4 2 2 2 2 2 2 2 2 2 2 2 2 2 4 4 0 4 4 2 4 4 2 2 4 4 2 4 4 2 4 4 2 4 4 2 4 4 0 4 4 2 4 0 4 2 4 0 4 2 4 4 0 4 4 2 4 4 2 4 4 0 4 4 2 4 4 2 4 4 0 4 4 2 4 4 2 2 4 4 0 4 4 4 2 2 4 4 4 2 2 4 4 4 2 2 4 4 4 2 2 4 4 2 2 2 4 4 0 4 4 20 4 4 4 4 4 0 4 4 2 4 4 2 4 4 2 4 4 0 4 4 4 4 4 2 8 4 4 2 12 4 4 0 4 4 6 4 4 2 10 4 4 2 14 4 4 0 4 4 2 4 4 2 4 4 0 4 4 2 4 4 2 4 4 2 4 4 0 4 4 2 4 4 2 4 4 0 6 
168:E:\Lua\rocks\systree/share/lua/5.1/luassert\assert.lua
0 0 0 0 0 0 0 0 0 0 0 0 0 0 0 0 0 0 0 0 0 0 0 478 1082 604 0 0 0 478 478 1082 604 604 604 604 604 0 0 0 0 478 0 0 0 478 0 0 0 0 604 604 604 604 604 0 604 344 0 0 0 0 0 0 344 0 0 260 0 0 0 0 0 0 260 260 260 0 0 0 478 0 0 478 1082 604 260 260 344 344 344 0 0 478 0 0 0 0 344 0 0 0 0 0 0 0 0 0 0 0 0 0 0 0 0 0 0 0 0 0 0 0 0 0 0 0 0 0 0 0 0 0 0 0 0 0 0 0 0 0 0 0 0 0 0 0 0 0 0 0 0 0 0 0 0 0 0 0 0 0 1906 0 0 1906 0 0 0 344 
473:E:\Lua\rocks\systree/share/lua/5.1/pl\dir.lua
0 0 0 0 0 0 0 0 0 0 0 0 0 0 0 0 0 0 0 0 0 0 0 0 0 0 0 2 2 0 0 0 0 0 0 7 7 0 0 0 0 0 0 0 0 0 0 0 0 0 0 0 0 0 0 0 0 0 0 0 0 0 0 0 0 0 0 0 0 0 0 0 0 0 0 0 0 0 0 0 0 0 0 0 0 0 0 0 0 0 0 0 0 0 0 0 0 0 0 0 0 0 0 0 0 0 0 0 0 0 0 0 0 0 0 0 0 0 0 0 0 0 0 0 0 0 0 0 0 0 0 0 0 0 0 0 0 0 0 0 0 0 0 0 0 0 0 0 0 0 0 0 0 0 0 0 0 0 0 0 0 0 0 0 0 0 0 0 0 0 0 0 0 0 0 0 0 0 0 0 0 0 0 0 0 0 0 0 0 0 0 0 0 0 0 0 0 0 0 0 0 0 0 0 0 0 0 0 0 0 0 0 0 0 0 0 0 0 0 0 0 0 0 0 0 0 0 0 0 0 0 0 0 0 0 0 0 0 0 0 0 0 0 0 0 0 0 0 0 0 0 0 0 0 0 0 0 0 0 0 0 0 0 0 0 0 0 0 0 0 0 0 0 0 0 0 0 0 0 0 0 0 0 0 0 0 0 0 0 0 0 0 0 0 0 0 0 0 0 0 0 0 0 0 0 0 0 0 0 0 0 0 0 0 0 0 0 0 0 0 0 0 0 0 0 0 0 0 0 0 0 0 0 0 0 0 0 0 0 0 0 0 0 0 0 0 0 0 0 0 0 0 0 0 0 0 0 0 0 0 0 0 0 0 0 0 0 0 0 0 0 0 0 0 0 0 0 0 0 0 0 0 0 0 0 0 0 0 0 0 0 0 0 0 0 0 0 0 0 0 0 0 0 0 0 0 0 0 0 0 0 0 0 0 0 0 0 0 0 0 0 0 0 2 2 2 0 2 2 0 0 0 0 0 0 0 0 0 0 0 0 0 0 0 0 2 0 2 0 0 0 0 0 0 0 0 0 0 2 2 0 2 2 9 7 7 7 7 0 0 0 0 2 
150:E:\Lua\rocks\systree/share/lua/5.1/busted\output\plain_terminal.lua
0 0 0 0 0 2 0 0 0 0 0 0 0 2 0 0 0 0 0 0 0 2 0 0 464 2 0 0 0 2 0 0 0 2 0 0 232 2 0 0 2 2 2 0 2 0 2 0 0 0 2 2 0 0 0 0 2 2 0 0 0 0 2 2 2 0 0 2 0 2 2 2 2 2 2 0 0 2 2 2 2 2 0 234 232 0 0 0 0 0 0 232 232 232 0 0 0 0 0 0 0 0 0 0 0 0 0 0 0 0 0 0 0 2 2 0 2 2 2 2 0 0 2 2 2 0 0 2 4 0 0 0 2 2 2 0 0 232 2 0 230 0 0 232 232 234 2 2 0 2 
258:E:\Lua\rocks\2.1\lua\luarocks\path.lua
0 0 0 0 0 0 0 0 0 0 0 0 0 0 0 0 0 0 0 0 0 0 0 0 0 0 0 0 0 0 0 0 0 0 0 0 0 0 0 0 0 0 0 0 0 0 0 0 0 0 0 0 0 0 0 0 0 0 0 0 0 0 0 0 0 0 0 0 0 0 0 0 0 0 0 0 0 0 0 0 0 0 0 0 0 0 0 0 0 0 0 0 0 0 0 0 0 0 0 0 0 0 0 0 0 0 0 0 0 0 0 0 0 0 0 0 0 0 0 0 0 0 0 0 0 0 0 0 0 0 0 0 0 0 0 0 0 0 0 0 0 0 0 0 0 0 0 0 0 0 0 0 0 0 0 0 0 0 0 0 0 0 0 0 0 0 0 0 0 0 0 0 0 0 0 0 0 0 0 0 0 0 0 0 0 0 0 0 0 0 0 0 0 0 0 0 0 0 0 0 0 0 0 0 0 0 0 0 0 0 0 0 0 0 0 0 0 0 0 0 0 0 0 0 0 0 0 0 0 0 0 0 0 0 0 0 0 0 0 0 2 0 2 2 2 2 2 0 0 0 0 0 0 0 0 2 2 2 
210:E:\Lua\rocks\2.1\lua\luarocks\loader.lua
0 0 0 0 0 0 0 0 0 0 0 0 0 0 0 0 0 0 0 0 0 0 0 0 0 0 0 0 0 0 0 0 0 0 0 0 0 0 0 0 0 0 0 0 0 0 0 0 0 0 0 0 0 0 2 2 0 0 0 0 0 0 0 0 0 0 0 0 0 0 0 0 0 0 0 0 0 0 0 0 0 0 0 0 0 0 0 0 0 0 0 0 0 0 0 0 0 0 0 0 0 0 0 0 0 0 0 0 0 0 0 0 6 6 4 4 2 0 0 0 0 0 0 0 0 0 0 0 0 0 0 0 0 0 0 0 0 0 4 0 0 0 4 6 4 4 2 2 2 2 0 0 2 2 2 0 0 0 0 0 0 0 2 0 0 0 0 2 0 0 0 0 0 0 0 0 0 8 2 0 0 2 2 4 0 0 0 0 0 0 0 0 0 0 0 0 0 0 0 0 0 0 0 0 4 4 2 0 2 2 
808:E:\Lua\rocks\systree/share/lua/5.1/busted\core.lua
0 0 0 0 0 0 0 0 0 0 0 0 0 0 0 0 0 0 0 0 0 0 0 0 0 0 0 0 0 0 0 0 0 0 0 0 0 0 0 0 0 0 0 0 0 0 0 0 0 0 0 0 0 0 0 0 0 0 0 0 0 0 0 0 0 0 0 0 0 0 0 0 0 0 0 0 0 0 2 2 2 0 2 0 0 0 0 0 2 0 0 0 0 0 2 2 0 0 2 0 2 0 0 0 0 0 0 0 0 0 2 0 0 0 0 0 0 2 0 2 2 2 0 4 7 4 0 4 2 2 0 0 0 4 0 0 0 0 2 0 0 0 2 0 0 0 0 2 2 2 0 4 0 2 0 0 0 0 0 0 0 0 0 2 0 0 0 0 0 0 0 0 0 0 2 0 0 2 0 0 2 4 0 2 0 0 0 2 2 0 0 0 0 0 0 0 0 0 0 0 0 0 0 0 0 232 0 0 0 0 0 0 0 0 0 0 0 0 0 0 0 0 0 464 464 464 0 0 464 0 464 0 932 932 700 0 696 0 464 464 0 0 0 0 0 0 0 0 0 0 0 0 0 0 0 0 0 0 0 0 0 0 0 0 0 0 0 0 0 0 0 0 0 0 0 0 0 232 0 0 0 0 0 0 0 0 0 0 232 0 0 0 0 232 0 0 0 0 0 0 0 0 0 0 0 232 0 0 0 0 0 0 236 236 236 0 0 236 0 472 0 0 0 0 0 234 232 0 232 0 232 232 0 0 232 0 232 0 0 0 0 0 0 0 232 0 0 232 0 0 0 232 0 0 0 0 0 0 0 0 0 0 0 0 232 0 232 0 232 232 0 232 0 232 232 0 0 232 232 0 0 0 232 464 0 232 0 0 0 0 0 0 0 0 0 0 0 0 0 232 0 0 0 0 232 0 232 464 0 232 464 0 0 0 232 232 0 232 0 0 0 0 0 0 0 0 0 0 0 0 0 0 0 0 0 0 0 0 0 0 0 0 0 0 0 0 0 464 0 0 696 0 4 0 2 2 4 4 0 2 0 928 0 232 0 696 464 0 0 232 0 696 464 0 0 0 0 232 0 0 0 232 0 232 0 0 0 0 232 0 0 696 232 0 4 0 2 2 4 4 0 2 0 0 928 0 696 464 0 0 0 0 232 0 696 464 0 0 0 232 232 232 464 0 232 232 464 0 232 232 232 0 0 76 76 76 76 0 232 696 464 0 308 0 0 232 696 464 0 308 0 0 232 76 0 0 146 146 72 0 222 76 0 0 0 0 74 0 146 72 0 0 74 0 74 0 74 74 0 74 74 0 0 2 2 2 0 0 0 0 0 0 0 2 2 2 0 0 0 0 0 0 0 232 232 232 232 0 0 232 0 232 0 0 0 232 0 0 0 0 0 0 0 0 0 0 0 0 0 0 0 0 0 0 0 0 0 0 0 0 0 0 0 0 0 232 0 232 232 232 0 0 232 0 0 0 232 0 232 232 0 232 232 232 232 232 0 232 232 0 232 0 0 2 0 2 2 2 2 2 2 2 0 2 2 0 0 0 0 0 0 0 0 0 0 0 0 0 0 0 0 0 0 0 0 0 0 0 0 0 0 0 0 0 0 0 0 0 0 0 0 0 0 0 0 0 0 0 0 0 0 0 0 0 0 0 2 0 2 2 2 0 2 0 0 2 0 2 2 2 2 0 0 2 2 0 2 0 2 2 2 0 2 0 234 232 232 0 0 0 4 0 0 2 0 0 0 4 2 2 2 2 0 0 2 2 0 0 4 2 0 0 0 2 0 2 0 2 0 0 0 2 2 0 0 0 0 2 
12:E:\Lua\rocks\systree/share/lua/5.1/busted\moon.lua
0 0 0 2 0 0 0 0 0 0 0 232 
26:E:\Lua\rocks\systree/share/lua/5.1/luassert\util.lua
0 0 512 512 512 0 512 160 160 0 160 0 0 0 160 0 566 406 406 0 566 0 0 406 0 160 
610:E:\Lua\rocks\systree/share/lua/5.1/pl\tablex.lua
0 0 0 0 0 0 0 0 0 0 0 0 0 0 0 0 0 0 0 0 0 0 0 0 4 4 0 0 0 0 0 0 0 0 0 0 0 4 0 0 4 0 0 0 0 0 0 0 0 0 0 0 0 0 0 0 0 0 0 0 0 0 0 0 0 0 0 0 0 0 0 0 0 0 0 0 0 0 0 0 0 0 0 0 0 0 0 0 0 0 0 0 0 0 0 0 0 0 0 0 0 0 0 0 0 0 0 0 0 0 0 0 0 0 0 0 0 0 0 0 0 0 0 0 0 0 0 0 0 0 0 0 0 0 0 0 0 0 0 0 0 0 0 0 0 0 0 0 0 0 0 0 0 0 0 0 0 0 0 0 0 0 0 0 0 0 0 0 0 0 0 0 0 0 0 0 0 0 0 0 0 0 0 0 0 0 0 0 0 0 0 0 0 0 0 0 0 0 0 0 0 0 0 0 0 0 0 0 0 0 0 0 0 0 0 0 0 0 0 0 0 0 0 0 0 0 0 0 0 0 0 0 0 0 0 0 0 0 0 0 0 0 0 0 0 0 0 0 0 0 0 0 0 0 0 0 0 0 0 0 0 0 0 0 0 0 0 0 0 0 0 0 0 0 0 0 0 0 0 0 0 0 0 0 0 0 0 0 0 0 0 0 0 0 0 0 0 0 0 0 0 0 0 0 0 0 0 0 0 0 0 0 0 0 0 0 0 0 0 0 0 0 0 0 0 0 0 0 0 0 0 0 0 0 0 0 0 0 0 0 0 0 0 0 0 0 0 0 0 0 0 0 0 0 0 0 0 0 0 0 0 0 0 0 0 0 0 0 0 0 0 0 0 0 0 0 0 0 0 0 0 0 0 0 0 0 0 0 0 0 0 0 0 0 0 0 0 0 0 0 0 0 0 0 0 0 0 0 0 0 0 0 0 0 0 0 0 0 0 0 0 0 0 0 0 0 0 0 0 0 0 0 0 0 0 0 0 0 0 0 0 0 0 0 0 0 0 0 0 0 0 0 0 0 0 0 0 0 0 0 0 0 0 0 0 0 0 0 0 0 0 0 0 0 0 0 0 0 0 0 0 0 0 0 0 0 0 0 0 0 0 0 0 0 0 0 0 0 0 0 0 0 0 0 0 0 0 0 0 0 0 0 0 0 0 0 0 0 0 0 0 0 0 0 0 0 0 0 0 0 0 0 0 0 0 0 0 0 0 0 0 0 0 0 0 0 0 0 0 0 0 0 0 0 0 0 0 0 0 0 0 0 0 0 0 0 0 0 0 0 0 0 0 0 0 0 0 0 0 0 0 0 0 0 0 0 0 0 0 0 0 0 0 0 0 0 0 0 0 4 4 4 13 9 9 4 4 0 0 4 
84:E:\Lua\rocks\systree/share/lua/5.1/luacov\stats.lua
0 0 0 0 0 0 0 0 0 0 0 0 0 0 0 0 0 0 0 0 0 0 0 0 0 0 0 0 0 0 0 0 0 0 0 0 0 0 0 0 0 0 0 0 0 0 0 0 0 0 0 0 0 0 0 0 0 0 0 0 0 0 0 0 0 0 0 0 0 0 0 0 2 32 32 32 7116 7088 7088 5318 0 7094 0 30 
400:E:\Lua\rocks\systree/share/lua/5.1/pl\utils.lua
0 0 0 0 0 0 0 0 0 0 0 0 0 0 0 0 0 0 0 0 0 0 0 0 0 0 0 0 0 0 0 0 0 0 0 0 0 0 0 0 0 0 0 0 0 0 0 0 0 0 0 0 0 0 0 0 0 0 0 0 0 0 0 0 0 0 0 0 0 0 0 0 0 0 0 0 0 0 0 0 0 0 0 0 0 0 0 0 0 0 0 0 0 0 0 0 0 0 0 0 7 7 0 0 0 0 0 0 0 0 0 0 0 0 0 0 0 0 0 0 0 0 0 0 0 0 0 0 0 0 0 0 0 0 0 0 0 0 0 0 0 0 0 0 0 0 0 0 0 0 0 0 0 0 0 0 0 0 0 0 0 0 0 0 0 0 0 0 0 0 0 4 4 4 4 4 0 4 4 4 4 4 0 0 4 0 0 0 0 0 0 0 0 0 0 0 0 0 0 0 0 0 0 0 0 0 0 0 0 0 0 0 0 0 0 0 0 0 0 0 0 0 0 0 0 0 0 0 0 0 0 0 0 0 0 0 0 0 0 0 0 0 0 0 0 0 0 0 0 0 0 0 0 0 0 0 0 0 0 0 0 0 0 0 0 0 0 0 0 0 0 0 0 0 0 0 0 0 0 0 0 0 0 0 0 0 0 0 0 0 0 0 0 0 0 0 0 0 0 0 0 0 0 0 0 0 0 0 0 0 0 0 0 0 0 0 0 0 0 0 0 0 4 4 4 0 0 0 0 0 0 0 0 0 0 0 0 0 0 0 0 0 0 0 0 0 0 0 0 0 0 0 0 0 0 0 0 0 0 0 0 0 0 0 0 0 0 0 0 0 0 0 0 0 0 0 0 0 0 0 0 0 0 0 0 44 0 0 44 0 0 44 0 0 0 0 0 0 38 38 
36:E:\Lua\rocks\systree/share/lua/5.1/busted\loop\default.lua
0 0 0 0 0 0 0 0 0 0 2 2 0 0 0 0 0 2 0 0 0 0 0 0 0 0 0 0 0 0 0 0 0 2 2 2 
138:E:\Lua\rocks\systree\lib\luarocks\rocks\busted\1.10.0-1\bin\busted_bootstrap
0 0 0 0 0 0 0 0 0 0 0 0 0 0 0 0 0 0 0 0 0 0 0 0 0 0 0 0 0 0 0 0 0 0 0 0 0 0 0 0 0 0 0 0 0 0 0 0 0 0 0 0 0 0 0 0 0 0 0 0 0 0 0 0 0 0 0 0 0 0 0 0 0 0 0 0 0 0 0 0 2 2 2 2 2 0 0 2 2 2 2 2 0 0 2 2 2 2 2 0 0 2 2 2 2 2 2 2 2 2 2 2 2 2 2 2 2 0 0 0 0 0 0 2 0 0 0 0 0 0 0 0 0 2 0 2 0 2 
73:E:\Lua\rocks\systree/share/lua/5.1/pl\types.lua
0 0 0 0 0 0 0 0 0 0 0 0 0 0 0 0 0 0 0 0 0 0 0 0 0 0 0 0 0 0 0 0 0 0 0 0 0 0 0 0 0 0 0 0 0 0 0 0 0 0 0 0 0 0 0 0 0 0 0 0 0 0 0 0 4 0 0 0 0 0 0 4 4 
393:.\functional.lua
0 0 0 0 0 0 0 0 376 1696 1320 0 376 2 0 0 0 654 2 0 0 0 26 52 94 46 120 52 2 0 0 0 18 2 0 0 0 140 340 280 0 60 2 0 0 0 30 114 2 0 0 0 88 88 2 0 0 0 76 2 0 0 0 0 0 4 8 2 0 0 0 0 0 4 8 4 8 14 14 14 4 2 0 0 0 8 2 2 0 0 0 0 0 0 10 10 34 24 0 0 10 2 0 0 0 52 2 0 0 0 48 2 0 0 0 10 2 0 0 0 0 0 88 2 0 0 0 4 24 2 0 0 0 4 24 2 0 0 0 0 0 20 20 18 0 76 18 18 0 76 0 192 134 604 134 0 0 0 18 2 0 0 0 0 120 2 0 0 0 0 4 28 2 0 0 0 10 10 2 0 0 0 0 24 56 2 0 0 0 0 0 6 6 0 0 32 6 0 26 0 6 0 6 2 0 0 0 0 4 4 0 4 0 4 20 4 4 2 0 0 0 0 4 4 12 22 14 0 0 0 4 2 0 0 0 0 4 4 18 60 0 0 4 2 0 0 0 6 36 2 0 0 0 10 2 0 0 0 34 140 2 0 0 0 26 26 0 160 158 2 0 0 0 0 28 28 0 28 0 134 46 28 0 18 0 28 28 2 0 0 0 4 12 8 0 4 2 0 0 0 26 0 120 94 0 26 0 26 2 0 0 0 6 6 6 2 0 0 0 4 4 4 4 24 2 0 0 0 10 10 0 10 0 38 38 22 0 16 0 0 38 10 0 10 2 0 0 0 6 2 0 2 2 2 2 2 2 2 2 2 2 2 2 2 2 2 2 2 2 2 2 2 2 2 2 2 2 2 2 2 2 2 2 2 2 2 2 2 2 2 0 0 2 
5:E:\Lua\rocks\systree/share/lua/5.1/luassert\modifiers.lua
0 0 0 0 260 
